[2026-04-05 00:01:12.034] [INFO]  ConnectionPool initialized | pool_size=10 | db_host=db-prod-01.internal | db_port=5432 | database=inventory_db
[2026-04-05 00:01:12.187] [INFO]  Database connection established successfully | conn_id=C001 | user=app_user | db=inventory_db
[2026-04-05 00:01:13.002] [INFO]  Schema version check passed | current_version=v4.12.1 | expected_version=v4.12.1
[2026-04-05 00:01:14.310] [INFO]  Query executed successfully | query_id=Q1001 | operation=SELECT | table=products | rows_returned=124 | duration_ms=18
[2026-04-05 00:01:15.445] [INFO]  Query executed successfully | query_id=Q1002 | operation=SELECT | table=categories | rows_returned=32 | duration_ms=9
[2026-04-05 00:01:16.892] [INFO]  Transaction committed | txn_id=T5021 | operation=INSERT | table=orders | rows_affected=1 | duration_ms=22
[2026-04-05 00:01:18.001] [INFO]  Query executed successfully | query_id=Q1003 | operation=SELECT | table=users | rows_returned=1 | duration_ms=7
[2026-04-05 00:01:19.215] [INFO]  Index scan used | query_id=Q1004 | index=idx_orders_customer_id | table=orders | duration_ms=11
[2026-04-05 00:01:20.340] [INFO]  Transaction committed | txn_id=T5022 | operation=UPDATE | table=inventory | rows_affected=3 | duration_ms=31
[2026-04-05 00:01:21.567] [INFO]  Query executed successfully | query_id=Q1005 | operation=SELECT | table=invoices | rows_returned=58 | duration_ms=14
[2026-04-05 00:01:22.780] [INFO]  Cache hit | query_id=Q1006 | table=products | cache_key=prod_list_all | hit_ratio=0.94
[2026-04-05 00:01:23.914] [INFO]  Transaction committed | txn_id=T5023 | operation=INSERT | table=audit_log | rows_affected=1 | duration_ms=8
[2026-04-05 00:01:25.102] [INFO]  Query executed successfully | query_id=Q1007 | operation=SELECT | table=suppliers | rows_returned=17 | duration_ms=12
[2026-04-05 00:01:26.334] [INFO]  Autovacuum triggered | table=orders | dead_tuples=1420 | threshold=1000 | status=started
[2026-04-05 00:01:27.491] [INFO]  Query executed successfully | query_id=Q1008 | operation=SELECT | table=shipments | rows_returned=45 | duration_ms=19
[2026-04-05 00:01:28.603] [INFO]  Transaction committed | txn_id=T5024 | operation=DELETE | table=sessions | rows_affected=12 | duration_ms=15
[2026-04-05 00:01:29.812] [INFO]  Connection returned to pool | conn_id=C001 | active_connections=4 | idle_connections=6
[2026-04-05 00:01:30.045] [INFO]  Query executed successfully | query_id=Q1009 | operation=SELECT | table=products | rows_returned=89 | duration_ms=10
[2026-04-05 00:01:31.278] [INFO]  Replication lag nominal | replica=db-replica-01 | lag_ms=42 | threshold_ms=500
[2026-04-05 00:01:32.400] [INFO]  Transaction committed | txn_id=T5025 | operation=UPDATE | table=users | rows_affected=1 | duration_ms=13
[2026-04-05 00:01:33.591] [INFO]  Query executed successfully | query_id=Q1010 | operation=SELECT | table=payments | rows_returned=203 | duration_ms=27
[2026-04-05 00:01:34.712] [INFO]  Checkpoint completed | checkpoint_type=scheduled | pages_written=312 | duration_ms=180 | wal_size_mb=24
[2026-04-05 00:01:35.890] [INFO]  Query executed successfully | query_id=Q1011 | operation=SELECT | table=orders | rows_returned=11 | duration_ms=16
[2026-04-05 00:01:37.002] [INFO]  Transaction committed | txn_id=T5026 | operation=INSERT | table=notifications | rows_affected=5 | duration_ms=21
[2026-04-05 00:01:38.145] [INFO]  Query executed successfully | query_id=Q1012 | operation=SELECT | table=categories | rows_returned=32 | duration_ms=8
[2026-04-05 00:01:39.334] [WARNING] Slow query detected | query_id=Q1013 | operation=SELECT | table=order_items JOIN products | duration_ms=4821 | threshold_ms=3000 | rows_examined=98234 | suggestion=Consider adding composite index on (order_id, product_id)
[2026-04-05 00:01:40.501] [INFO]  Query executed successfully | query_id=Q1014 | operation=SELECT | table=invoices | rows_returned=74 | duration_ms=23
[2026-04-05 00:01:41.678] [INFO]  Transaction committed | txn_id=T5027 | operation=UPDATE | table=orders | rows_affected=1 | duration_ms=18
[2026-04-05 00:01:42.800] [INFO]  Cache refreshed | cache_key=prod_list_all | records_cached=512 | ttl_sec=300 | duration_ms=44
[2026-04-05 00:01:43.912] [INFO]  Query executed successfully | query_id=Q1015 | operation=SELECT | table=users | rows_returned=1 | duration_ms=6
[2026-04-05 00:01:45.023] [INFO]  Transaction committed | txn_id=T5028 | operation=INSERT | table=orders | rows_affected=1 | duration_ms=24
[2026-04-05 00:01:46.190] [INFO]  Query executed successfully | query_id=Q1016 | operation=SELECT | table=inventory | rows_returned=300 | duration_ms=31
[2026-04-05 00:01:47.345] [ERROR]  Query execution failed | query_id=Q1017 | operation=INSERT | table=payments | error_code=23505 | error=duplicate key value violates unique constraint "payments_transaction_id_key" | detail=Key (transaction_id)=(TXN-20260405-88821) already exists | conn_id=C004 | duration_ms=5 | action=transaction_rolled_back
[2026-04-05 00:01:48.512] [INFO]  Connection re-established after rollback | conn_id=C004 | db=inventory_db | status=healthy
[2026-04-05 00:01:49.701] [INFO]  Query executed successfully | query_id=Q1018 | operation=SELECT | table=shipments | rows_returned=29 | duration_ms=14
[2026-04-05 00:01:50.834] [INFO]  Transaction committed | txn_id=T5029 | operation=UPDATE | table=inventory | rows_affected=7 | duration_ms=28
[2026-04-05 00:01:51.960] [INFO]  Query executed successfully | query_id=Q1019 | operation=SELECT | table=payments | rows_returned=91 | duration_ms=20
[2026-04-05 00:01:53.074] [INFO]  Autovacuum completed | table=orders | pages_removed=38 | duration_ms=412 | status=success
[2026-04-05 00:01:54.201] [INFO]  Query executed successfully | query_id=Q1020 | operation=SELECT | table=suppliers | rows_returned=17 | duration_ms=11
[2026-04-05 00:01:55.389] [INFO]  Transaction committed | txn_id=T5030 | operation=INSERT | table=audit_log | rows_affected=3 | duration_ms=9
[2026-04-05 00:01:56.512] [INFO]  Replication lag nominal | replica=db-replica-01 | lag_ms=57 | threshold_ms=500
[2026-04-05 00:01:57.634] [INFO]  Query executed successfully | query_id=Q1021 | operation=SELECT | table=products | rows_returned=214 | duration_ms=22
[2026-04-05 00:01:58.801] [INFO]  Connection pool health check passed | active=5 | idle=5 | max=10 | wait_queue=0
[2026-04-05 00:01:59.920] [INFO]  Transaction committed | txn_id=T5031 | operation=UPDATE | table=users | rows_affected=1 | duration_ms=17
[2026-04-05 00:02:01.045] [CRITICAL] Disk space critically low on DB data volume | volume=/var/lib/postgresql/data | used_gb=471.3 | total_gb=500 | used_pct=94.3% | threshold_pct=90% | alert=IMMEDIATE ACTION REQUIRED — database writes may fail if disk reaches 100%. Consider purging old WAL segments or expanding volume.
[2026-04-05 00:02:02.198] [INFO]  Query executed successfully | query_id=Q1022 | operation=SELECT | table=orders | rows_returned=63 | duration_ms=18
[2026-04-05 00:02:03.312] [INFO]  Transaction committed | txn_id=T5032 | operation=DELETE | table=temp_staging | rows_affected=500 | duration_ms=56
[2026-04-05 00:02:04.445] [INFO]  Query executed successfully | query_id=Q1023 | operation=SELECT | table=invoices | rows_returned=41 | duration_ms=13
[2026-04-05 00:02:05.578] [INFO]  Query executed successfully | query_id=Q1024 | operation=SELECT | table=categories | rows_returned=32 | duration_ms=7
[2026-04-05 00:02:06.700] [INFO]  Session cleanup complete | expired_sessions_removed=34 | duration_ms=29 | next_cleanup=00:17:06
